<?xml version="1.0" encoding="UTF-8"?>
<!-- Generated by org.testng.reporters.JUnitXMLReporter -->
<testsuite hostname="DESKTOP-MJI0P0T" ignored="0" name="firefoxTestcases" tests="1" failures="1" timestamp="21 Jan 2018 19:21:07 GMT" time="58.21" errors="0">
  <testcase name="verifycrossbrowser" time="58.142" classname="mousehover.CrossBrowser">
    <failure type="org.openqa.selenium.WebDriverException" message="Failed to connect to binary FirefoxBinary(C:\Program Files\Mozilla Firefox\firefox.exe) on port 7055; process output follows: 
&amp;quot;:[&amp;quot;Mozilla Contributors&amp;quot;]},&amp;quot;visible&amp;quot;:true,&amp;quot;active&amp;quot;:true,&amp;quot;userDisabled&amp;quot;:false,&amp;quot;appDisabled&amp;quot;:false,&amp;quot;descriptor&amp;quot;:&amp;quot;C:\\Program Files\\Mozilla Firefox\\browser\\extensions\\{972ce4c6-7e08-4474-a285-3208198ce6fd}.xpi&amp;quot;,&amp;quot;installDate&amp;quot;:1484777643000,&amp;quot;updateDate&amp;quot;:1484777643000,&amp;quot;applyBackgroundUpdates&amp;quot;:1,&amp;quot;skinnable&amp;quot;:true,&amp;quot;size&amp;quot;:19702,&amp;quot;sourceURI&amp;quot;:null,&amp;quot;releaseNotesURI&amp;quot;:null,&amp;quot;softDisabled&amp;quot;:false,&amp;quot;foreignInstall&amp;quot;:false,&amp;quot;hasBinaryComponents&amp;quot;:false,&amp;quot;strictCompatibility&amp;quot;:true,&amp;quot;locales&amp;quot;:[],&amp;quot;targetApplications&amp;quot;:[{&amp;quot;id&amp;quot;:&amp;quot;{ec8030f7-c20a-464f-9b0e-13a3a9e97384}&amp;quot;,&amp;quot;minVersion&amp;quot;:&amp;quot;51.0&amp;quot;,&amp;quot;maxVersion&amp;quot;:&amp;quot;51.0&amp;quot;}],&amp;quot;targetPlatforms&amp;quot;:[],&amp;quot;seen&amp;quot;:true,&amp;quot;dependencies&amp;quot;:[],&amp;quot;hasEmbeddedWebExtension&amp;quot;:false}
1516562428710	addons.xpi	DEBUG	getModTime: Recursive scan of {972ce4c6-7e08-4474-a285-3208198ce6fd}
1516562428713	DeferredSave.extensions.json	DEBUG	Save changes
1516562428716	addons.xpi	DEBUG	Updating database with changes to installed add-ons
1516562428716	addons.xpi-utils	DEBUG	Updating add-on states
1516562428722	addons.xpi-utils	DEBUG	Writing add-ons list
1516562428731	addons.xpi	DEBUG	Registering manifest for C:\Program Files\Mozilla Firefox\browser\features\aushelper@mozilla.org.xpi
1516562428732	addons.xpi	DEBUG	Calling bootstrap method startup on aushelper@mozilla.org version 1.0
1516562428737	addons.xpi	DEBUG	Registering manifest for C:\Program Files\Mozilla Firefox\browser\features\e10srollout@mozilla.org.xpi
1516562428738	addons.xpi	DEBUG	Calling bootstrap method startup on e10srollout@mozilla.org version 1.7
1516562428740	addons.xpi	DEBUG	Registering manifest for C:\Program Files\Mozilla Firefox\browser\features\firefox@getpocket.com.xpi
1516562428742	addons.xpi	DEBUG	Calling bootstrap method startup on firefox@getpocket.com version 1.0.5
1516562428745	addons.xpi	DEBUG	Registering manifest for C:\Program Files\Mozilla Firefox\browser\features\webcompat@mozilla.org.xpi
1516562428746	addons.xpi	DEBUG	Calling bootstrap method startup on webcompat@mozilla.org version 1.0
1516562428752	addons.manager	DEBUG	Registering shutdown blocker for XPIProvider
1516562428755	addons.manager	DEBUG	Provider finished startup: XPIProvider
1516562428755	addons.manager	DEBUG	Starting provider: LightweightThemeManager
1516562428756	addons.manager	DEBUG	Registering shutdown blocker for LightweightThemeManager
1516562428756	addons.manager	DEBUG	Provider finished startup: LightweightThemeManager
1516562428758	addons.manager	DEBUG	Starting provider: GMPProvider
1516562428782	addons.manager	DEBUG	Registering shutdown blocker for GMPProvider
1516562428792	addons.manager	DEBUG	Provider finished startup: GMPProvider
1516562428792	addons.manager	DEBUG	Starting provider: PluginProvider
1516562428793	addons.manager	DEBUG	Registering shutdown blocker for PluginProvider
1516562428794	addons.manager	DEBUG	Provider finished startup: PluginProvider
1516562428795	addons.manager	DEBUG	Completed startup sequence
1516562431358	addons.manager	DEBUG	Starting provider: &amp;lt;unnamed-provider&amp;gt;
1516562431358	addons.manager	DEBUG	Registering shutdown blocker for &amp;lt;unnamed-provider&amp;gt;
1516562431358	addons.manager	DEBUG	Provider finished startup: &amp;lt;unnamed-provider&amp;gt;
1516562431785	DeferredSave.extensions.json	DEBUG	Write succeeded
1516562431785	addons.xpi-utils	DEBUG	XPI Database saved, setting schema version preference to 19
1516562431785	DeferredSave.extensions.json	DEBUG	Starting timer
1516562431803	addons.repository	DEBUG	No addons.json found.
1516562431804	DeferredSave.addons.json	DEBUG	Save changes
1516562432087	DeferredSave.addons.json	DEBUG	Starting timer
1516562432395	addons.manager	DEBUG	Starting provider: PreviousExperimentProvider
1516562432395	addons.manager	DEBUG	Registering shutdown blocker for PreviousExperimentProvider
1516562432396	addons.manager	DEBUG	Provider finished startup: PreviousExperimentProvider
1516562432401	DeferredSave.extensions.json	DEBUG	Starting write
1516562432408	DeferredSave.addons.json	DEBUG	Starting write
1516562432463	DeferredSave.extensions.json	DEBUG	Write succeeded
1516562432477	DeferredSave.addons.json	DEBUG	Write succeeded

Build info: version: &amp;apos;2.52.0&amp;apos;, revision: &amp;apos;4c2593c&amp;apos;, time: &amp;apos;2016-02-11 19:06:42&amp;apos;
System info: host: &amp;apos;DESKTOP-MJI0P0T&amp;apos;, ip: &amp;apos;192.168.2.17&amp;apos;, os.name: &amp;apos;Windows 10&amp;apos;, os.arch: &amp;apos;amd64&amp;apos;, os.version: &amp;apos;10.0&amp;apos;, java.version: &amp;apos;1.8.0_121&amp;apos;
Driver info: driver.version: FirefoxDriver">
      <![CDATA[org.openqa.selenium.WebDriverException: Failed to connect to binary FirefoxBinary(C:\Program Files\Mozilla Firefox\firefox.exe) on port 7055; process output follows: 
":["Mozilla Contributors"]},"visible":true,"active":true,"userDisabled":false,"appDisabled":false,"descriptor":"C:\\Program Files\\Mozilla Firefox\\browser\\extensions\\{972ce4c6-7e08-4474-a285-3208198ce6fd}.xpi","installDate":1484777643000,"updateDate":1484777643000,"applyBackgroundUpdates":1,"skinnable":true,"size":19702,"sourceURI":null,"releaseNotesURI":null,"softDisabled":false,"foreignInstall":false,"hasBinaryComponents":false,"strictCompatibility":true,"locales":[],"targetApplications":[{"id":"{ec8030f7-c20a-464f-9b0e-13a3a9e97384}","minVersion":"51.0","maxVersion":"51.0"}],"targetPlatforms":[],"seen":true,"dependencies":[],"hasEmbeddedWebExtension":false}
1516562428710	addons.xpi	DEBUG	getModTime: Recursive scan of {972ce4c6-7e08-4474-a285-3208198ce6fd}
1516562428713	DeferredSave.extensions.json	DEBUG	Save changes
1516562428716	addons.xpi	DEBUG	Updating database with changes to installed add-ons
1516562428716	addons.xpi-utils	DEBUG	Updating add-on states
1516562428722	addons.xpi-utils	DEBUG	Writing add-ons list
1516562428731	addons.xpi	DEBUG	Registering manifest for C:\Program Files\Mozilla Firefox\browser\features\aushelper@mozilla.org.xpi
1516562428732	addons.xpi	DEBUG	Calling bootstrap method startup on aushelper@mozilla.org version 1.0
1516562428737	addons.xpi	DEBUG	Registering manifest for C:\Program Files\Mozilla Firefox\browser\features\e10srollout@mozilla.org.xpi
1516562428738	addons.xpi	DEBUG	Calling bootstrap method startup on e10srollout@mozilla.org version 1.7
1516562428740	addons.xpi	DEBUG	Registering manifest for C:\Program Files\Mozilla Firefox\browser\features\firefox@getpocket.com.xpi
1516562428742	addons.xpi	DEBUG	Calling bootstrap method startup on firefox@getpocket.com version 1.0.5
1516562428745	addons.xpi	DEBUG	Registering manifest for C:\Program Files\Mozilla Firefox\browser\features\webcompat@mozilla.org.xpi
1516562428746	addons.xpi	DEBUG	Calling bootstrap method startup on webcompat@mozilla.org version 1.0
1516562428752	addons.manager	DEBUG	Registering shutdown blocker for XPIProvider
1516562428755	addons.manager	DEBUG	Provider finished startup: XPIProvider
1516562428755	addons.manager	DEBUG	Starting provider: LightweightThemeManager
1516562428756	addons.manager	DEBUG	Registering shutdown blocker for LightweightThemeManager
1516562428756	addons.manager	DEBUG	Provider finished startup: LightweightThemeManager
1516562428758	addons.manager	DEBUG	Starting provider: GMPProvider
1516562428782	addons.manager	DEBUG	Registering shutdown blocker for GMPProvider
1516562428792	addons.manager	DEBUG	Provider finished startup: GMPProvider
1516562428792	addons.manager	DEBUG	Starting provider: PluginProvider
1516562428793	addons.manager	DEBUG	Registering shutdown blocker for PluginProvider
1516562428794	addons.manager	DEBUG	Provider finished startup: PluginProvider
1516562428795	addons.manager	DEBUG	Completed startup sequence
1516562431358	addons.manager	DEBUG	Starting provider: <unnamed-provider>
1516562431358	addons.manager	DEBUG	Registering shutdown blocker for <unnamed-provider>
1516562431358	addons.manager	DEBUG	Provider finished startup: <unnamed-provider>
1516562431785	DeferredSave.extensions.json	DEBUG	Write succeeded
1516562431785	addons.xpi-utils	DEBUG	XPI Database saved, setting schema version preference to 19
1516562431785	DeferredSave.extensions.json	DEBUG	Starting timer
1516562431803	addons.repository	DEBUG	No addons.json found.
1516562431804	DeferredSave.addons.json	DEBUG	Save changes
1516562432087	DeferredSave.addons.json	DEBUG	Starting timer
1516562432395	addons.manager	DEBUG	Starting provider: PreviousExperimentProvider
1516562432395	addons.manager	DEBUG	Registering shutdown blocker for PreviousExperimentProvider
1516562432396	addons.manager	DEBUG	Provider finished startup: PreviousExperimentProvider
1516562432401	DeferredSave.extensions.json	DEBUG	Starting write
1516562432408	DeferredSave.addons.json	DEBUG	Starting write
1516562432463	DeferredSave.extensions.json	DEBUG	Write succeeded
1516562432477	DeferredSave.addons.json	DEBUG	Write succeeded

Build info: version: '2.52.0', revision: '4c2593c', time: '2016-02-11 19:06:42'
System info: host: 'DESKTOP-MJI0P0T', ip: '192.168.2.17', os.name: 'Windows 10', os.arch: 'amd64', os.version: '10.0', java.version: '1.8.0_121'
Driver info: driver.version: FirefoxDriver
	at org.openqa.selenium.firefox.internal.NewProfileExtensionConnection.start(NewProfileExtensionConnection.java:124)
	at org.openqa.selenium.firefox.FirefoxDriver.startClient(FirefoxDriver.java:271)
	at org.openqa.selenium.remote.RemoteWebDriver.<init>(RemoteWebDriver.java:119)
	at org.openqa.selenium.firefox.FirefoxDriver.<init>(FirefoxDriver.java:218)
	at org.openqa.selenium.firefox.FirefoxDriver.<init>(FirefoxDriver.java:211)
	at org.openqa.selenium.firefox.FirefoxDriver.<init>(FirefoxDriver.java:207)
	at org.openqa.selenium.firefox.FirefoxDriver.<init>(FirefoxDriver.java:120)
	at mousehover.CrossBrowser.verifycrossbrowser(CrossBrowser.java:19)
	at java.util.concurrent.FutureTask.run(Unknown Source)
	at java.util.concurrent.ThreadPoolExecutor.runWorker(Unknown Source)
	at java.util.concurrent.ThreadPoolExecutor$Worker.run(Unknown Source)
	at java.lang.Thread.run(Unknown Source)
Caused by: org.openqa.selenium.firefox.NotConnectedException: Unable to connect to host 127.0.0.1 on port 7055 after 45000 ms. Firefox console output:
":["Mozilla Contributors"]},"visible":true,"active":true,"userDisabled":false,"appDisabled":false,"descriptor":"C:\\Program Files\\Mozilla Firefox\\browser\\extensions\\{972ce4c6-7e08-4474-a285-3208198ce6fd}.xpi","installDate":1484777643000,"updateDate":1484777643000,"applyBackgroundUpdates":1,"skinnable":true,"size":19702,"sourceURI":null,"releaseNotesURI":null,"softDisabled":false,"foreignInstall":false,"hasBinaryComponents":false,"strictCompatibility":true,"locales":[],"targetApplications":[{"id":"{ec8030f7-c20a-464f-9b0e-13a3a9e97384}","minVersion":"51.0","maxVersion":"51.0"}],"targetPlatforms":[],"seen":true,"dependencies":[],"hasEmbeddedWebExtension":false}
1516562428710	addons.xpi	DEBUG	getModTime: Recursive scan of {972ce4c6-7e08-4474-a285-3208198ce6fd}
1516562428713	DeferredSave.extensions.json	DEBUG	Save changes
1516562428716	addons.xpi	DEBUG	Updating database with changes to installed add-ons
1516562428716	addons.xpi-utils	DEBUG	Updating add-on states
1516562428722	addons.xpi-utils	DEBUG	Writing add-ons list
1516562428731	addons.xpi	DEBUG	Registering manifest for C:\Program Files\Mozilla Firefox\browser\features\aushelper@mozilla.org.xpi
1516562428732	addons.xpi	DEBUG	Calling bootstrap method startup on aushelper@mozilla.org version 1.0
1516562428737	addons.xpi	DEBUG	Registering manifest for C:\Program Files\Mozilla Firefox\browser\features\e10srollout@mozilla.org.xpi
1516562428738	addons.xpi	DEBUG	Calling bootstrap method startup on e10srollout@mozilla.org version 1.7
1516562428740	addons.xpi	DEBUG	Registering manifest for C:\Program Files\Mozilla Firefox\browser\features\firefox@getpocket.com.xpi
1516562428742	addons.xpi	DEBUG	Calling bootstrap method startup on firefox@getpocket.com version 1.0.5
1516562428745	addons.xpi	DEBUG	Registering manifest for C:\Program Files\Mozilla Firefox\browser\features\webcompat@mozilla.org.xpi
1516562428746	addons.xpi	DEBUG	Calling bootstrap method startup on webcompat@mozilla.org version 1.0
1516562428752	addons.manager	DEBUG	Registering shutdown blocker for XPIProvider
1516562428755	addons.manager	DEBUG	Provider finished startup: XPIProvider
1516562428755	addons.manager	DEBUG	Starting provider: LightweightThemeManager
1516562428756	addons.manager	DEBUG	Registering shutdown blocker for LightweightThemeManager
1516562428756	addons.manager	DEBUG	Provider finished startup: LightweightThemeManager
1516562428758	addons.manager	DEBUG	Starting provider: GMPProvider
1516562428782	addons.manager	DEBUG	Registering shutdown blocker for GMPProvider
1516562428792	addons.manager	DEBUG	Provider finished startup: GMPProvider
1516562428792	addons.manager	DEBUG	Starting provider: PluginProvider
1516562428793	addons.manager	DEBUG	Registering shutdown blocker for PluginProvider
1516562428794	addons.manager	DEBUG	Provider finished startup: PluginProvider
1516562428795	addons.manager	DEBUG	Completed startup sequence
1516562431358	addons.manager	DEBUG	Starting provider: <unnamed-provider>
1516562431358	addons.manager	DEBUG	Registering shutdown blocker for <unnamed-provider>
1516562431358	addons.manager	DEBUG	Provider finished startup: <unnamed-provider>
1516562431785	DeferredSave.extensions.json	DEBUG	Write succeeded
1516562431785	addons.xpi-utils	DEBUG	XPI Database saved, setting schema version preference to 19
1516562431785	DeferredSave.extensions.json	DEBUG	Starting timer
1516562431803	addons.repository	DEBUG	No addons.json found.
1516562431804	DeferredSave.addons.json	DEBUG	Save changes
1516562432087	DeferredSave.addons.json	DEBUG	Starting timer
1516562432395	addons.manager	DEBUG	Starting provider: PreviousExperimentProvider
1516562432395	addons.manager	DEBUG	Registering shutdown blocker for PreviousExperimentProvider
1516562432396	addons.manager	DEBUG	Provider finished startup: PreviousExperimentProvider
1516562432401	DeferredSave.extensions.json	DEBUG	Starting write
1516562432408	DeferredSave.addons.json	DEBUG	Starting write
1516562432463	DeferredSave.extensions.json	DEBUG	Write succeeded
1516562432477	DeferredSave.addons.json	DEBUG	Write succeeded

	at org.openqa.selenium.firefox.internal.NewProfileExtensionConnection.start(NewProfileExtensionConnection.java:112)
	... 27 more
... Removed 16 stack frames]]>
    </failure>
  </testcase> <!-- verifycrossbrowser -->
</testsuite> <!-- firefoxTestcases -->
