<?xml version="1.0" encoding="UTF-8"?>
<!-- Generated by org.testng.reporters.JUnitXMLReporter -->
<testsuite hostname="DESKTOP-MJI0P0T" ignored="0" name="Test" tests="2" failures="1" timestamp="05 Feb 2018 17:42:56 GMT" time="17.286" errors="0">
  <testcase name="GoogleTitleVerify" time="17.18" classname="listnersDemo.MyFirstTestCase"/>
  <testcase name="TitleMatch" time="0.01" classname="listnersDemo.MyFirstTestCase">
    <failure type="java.lang.AssertionError" message="expected [true] but found [false]">
      <![CDATA[java.lang.AssertionError: expected [true] but found [false]
	at listnersDemo.MyFirstTestCase.TitleMatch(MyFirstTestCase.java:27)
... Removed 29 stack frames]]>
    </failure>
  </testcase> <!-- TitleMatch -->
</testsuite> <!-- Test -->
