<?xml version="1.0" encoding="UTF-8"?>
<testng-results skipped="0" failed="0" ignored="0" total="1" passed="1">
  <reporter-output>
  </reporter-output>
  <suite name="Default suite" duration-ms="69646" started-at="2018-10-01T10:19:23Z" finished-at="2018-10-01T10:20:32Z">
    <groups>
    </groups>
    <test name="Default test" duration-ms="69646" started-at="2018-10-01T10:19:23Z" finished-at="2018-10-01T10:20:32Z">
      <class name="TestNG.Google">
        <test-method status="PASS" signature="beforeMethod()[pri:0, instance:TestNG.Google@77cd7a0]" name="beforeMethod" is-config="true" duration-ms="69559" started-at="2018-10-01T15:49:23Z" finished-at="2018-10-01T15:50:32Z">
          <reporter-output>
          </reporter-output>
        </test-method> <!-- beforeMethod -->
        <test-method status="PASS" signature="f()[pri:0, instance:TestNG.Google@77cd7a0]" name="f" duration-ms="24" started-at="2018-10-01T15:50:32Z" finished-at="2018-10-01T15:50:32Z">
          <reporter-output>
          </reporter-output>
        </test-method> <!-- f -->
        <test-method status="PASS" signature="afterMethod()[pri:0, instance:TestNG.Google@77cd7a0]" name="afterMethod" is-config="true" duration-ms="0" started-at="2018-10-01T15:50:32Z" finished-at="2018-10-01T15:50:32Z">
          <reporter-output>
          </reporter-output>
        </test-method> <!-- afterMethod -->
      </class> <!-- TestNG.Google -->
    </test> <!-- Default test -->
  </suite> <!-- Default suite -->
</testng-results>
